Log file open, 02/15/18 09:49:01
LogWindows: Failed to load 'aqProf.dll' (GetLastError=126)
LogWindows: File 'aqProf.dll' does not exist
LogWindows: Failed to load 'VtuneApi.dll' (GetLastError=126)
LogWindows: File 'VtuneApi.dll' does not exist
LogWindows: Failed to load 'VtuneApi32e.dll' (GetLastError=126)
LogWindows: File 'VtuneApi32e.dll' does not exist
LogInit: Display: Running engine for game: GroupProject
LogPlatformFile: Not using cached read wrapper
LogInit: Display: RandInit(-1615667857) SRandInit(-1615667857).
LogTaskGraph: Started task graph with 5 named threads and 14 total threads with 3 sets of task threads.
LogStats: Stats thread started at 0.167233
LogD3D11RHI: Aftermath initialized
LogPluginManager: Mounting plugin Paper2D
LogPluginManager: Mounting plugin LightPropagationVolume
LogPluginManager: Mounting plugin CodeLiteSourceCodeAccess
LogPluginManager: Mounting plugin GitSourceControl
LogPluginManager: Mounting plugin KDevelopSourceCodeAccess
LogPluginManager: Mounting plugin NullSourceCodeAccess
LogPluginManager: Mounting plugin PerforceSourceControl
LogPluginManager: Mounting plugin SubversionSourceControl
LogPluginManager: Mounting plugin UObjectPlugin
LogPluginManager: Mounting plugin VisualStudioSourceCodeAccess
LogPluginManager: Mounting plugin XCodeSourceCodeAccess
LogPluginManager: Mounting plugin AssetManagerEditor
LogPluginManager: Mounting plugin AudioCapture
LogPluginManager: Mounting plugin FacialAnimation
LogPluginManager: Mounting plugin GameplayTagsEditor
LogPluginManager: Mounting plugin MobileLauncherProfileWizard
LogPluginManager: Mounting plugin PluginBrowser
LogPluginManager: Mounting plugin SpeedTreeImporter
LogPluginManager: Mounting plugin AlembicImporter
LogPluginManager: Mounting plugin CharacterAI
LogPluginManager: Mounting plugin HTML5Networking
LogPluginManager: Mounting plugin Substance
LogPluginManager: Mounting plugin AndroidMedia
LogPluginManager: Mounting plugin AvfMedia
LogPluginManager: Mounting plugin MediaPlayerEditor
LogPluginManager: Mounting plugin WmfMedia
LogPluginManager: Mounting plugin TcpMessaging
LogPluginManager: Mounting plugin UdpMessaging
LogPluginManager: Mounting plugin LevelSequenceEditor
LogPluginManager: Mounting plugin MatineeToLevelSequence
LogPluginManager: Mounting plugin OnlineSubsystemGooglePlay
LogPluginManager: Mounting plugin OnlineSubsystemIOS
LogPluginManager: Mounting plugin OnlineSubsystem
LogPluginManager: Mounting plugin OnlineSubsystemNull
LogPluginManager: Mounting plugin OnlineSubsystemUtils
LogPluginManager: Mounting plugin AndroidDeviceProfileSelector
LogPluginManager: Mounting plugin AndroidMoviePlayer
LogPluginManager: Mounting plugin AndroidPermission
LogPluginManager: Mounting plugin AppleMoviePlayer
LogPluginManager: Mounting plugin ArchVisCharacter
LogPluginManager: Mounting plugin CableComponent
LogPluginManager: Mounting plugin CustomMeshComponent
LogPluginManager: Mounting plugin ExampleDeviceProfileSelector
LogPluginManager: Mounting plugin GoogleCloudMessaging
LogPluginManager: Mounting plugin ImmediatePhysics
LogPluginManager: Mounting plugin IOSDeviceProfileSelector
LogPluginManager: Mounting plugin LinuxDeviceProfileSelector
LogPluginManager: Mounting plugin LocationServicesBPLibrary
LogPluginManager: Mounting plugin MobilePatchingUtils
LogPluginManager: Mounting plugin OculusVR
LogPluginManager: Mounting plugin PhysXVehicles
LogPluginManager: Mounting plugin ProceduralMeshComponent
LogPluginManager: Mounting plugin RuntimePhysXCooking
LogPluginManager: Mounting plugin SteamVR
LogPluginManager: Mounting plugin WindowsMoviePlayer
LogInit: Using libcurl 7.47.1
LogInit:  - built for x86_64-pc-win32
LogInit:  - supports SSL with OpenSSL/1.0.2g
LogInit:  - supports HTTP deflate (compression) using libz 1.2.8
LogInit:  - other features:
LogInit:      CURL_VERSION_SSL
LogInit:      CURL_VERSION_LIBZ
LogInit:      CURL_VERSION_IPV6
LogInit:      CURL_VERSION_ASYNCHDNS
LogInit:      CURL_VERSION_LARGEFILE
LogInit:      CURL_VERSION_IDN
LogInit:  CurlRequestOptions (configurable via config and command line):
LogInit:  - bVerifyPeer = false  - Libcurl will NOT verify peer certificate
LogInit:  - bUseHttpProxy = false  - Libcurl will NOT use HTTP proxy
LogInit:  - bDontReuseConnections = false  - Libcurl will reuse connections
LogInit:  - CertBundlePath = nullptr  - Libcurl will use whatever was configured at build time.
LogInit: Build: ++UE4+Release-4.17-CL-3658906
LogInit: Engine Version: 4.17.2-3658906+++UE4+Release-4.17
LogInit: Compatible Engine Version: 4.17.0-3573198+++UE4+Release-4.17
LogInit: Net CL: 3573198
LogDevObjectVersion: Number of dev versions registered: 16
LogDevObjectVersion:   Dev-Blueprints (B0D832E4-1F89-4F0D-ACCF-7EB736FD4AA2): 10
LogDevObjectVersion:   Dev-Build (E1C64328-A22C-4D53-A36C-8E866417BD8C): 0
LogDevObjectVersion:   Dev-Core (375EC13C-06E4-48FB-B500-84F0262A717E): 2
LogDevObjectVersion:   Dev-Editor (E4B068ED-F494-42E9-A231-DA0B2E46BB41): 20
LogDevObjectVersion:   Dev-Framework (CFFC743F-43B0-4480-9391-14DF171D2073): 28
LogDevObjectVersion:   Dev-Mobile (B02B49B5-BB20-44E9-A304-32B752E40360): 0
LogDevObjectVersion:   Dev-Networking (A4E4105C-59A1-49B5-A7C5-40C4547EDFEE): 0
LogDevObjectVersion:   Dev-Online (39C831C9-5AE6-47DC-9A44-9C173E1C8E7C): 0
LogDevObjectVersion:   Dev-Physics (78F01B33-EBEA-4F98-B9B4-84EACCB95AA2): 0
LogDevObjectVersion:   Dev-Platform (6631380F-2D4D-43E0-8009-CF276956A95A): 0
LogDevObjectVersion:   Dev-Rendering (12F88B9F-8875-4AFC-A67C-D90C383ABD29): 19
LogDevObjectVersion:   Dev-Sequencer (7B5AE74C-D270-4C10-A958-57980B212A5A): 4
LogDevObjectVersion:   Dev-VR (D7296918-1DD6-4BDD-9DE2-64A83CC13884): 0
LogDevObjectVersion:   Dev-LoadTimes (C2A15278-BFE7-4AFE-6C17-90FF531DF755): 1
LogDevObjectVersion:   Private-Geometry (6EACA3D4-40EC-4CC1-B786-8BED09428FC5): 1
LogDevObjectVersion:   Dev-AnimPhys (29E575DD-E0A3-4627-9D10-D276232CDCEA): 7
LogInit: Compiled (64-bit): Sep 22 2017 13:47:16
LogInit: Compiled with Visual C++: 19.00.24215.01
LogInit: Build Configuration: Development
LogInit: Branch Name: ++UE4+Release-4.17
LogInit: Command line:  /Temp/Autosaves/Game/MyContent/Levels/UEDPCMainMenu -game -PIEVIACONSOLE -ResX=1920 -ResY=1080  -Multiprocess -messaging -SessionName="Play in Standalone Game" -windowed 
LogInit: Base directory: C:/Program Files/Epic Games/UE_4.17/Engine/Binaries/Win64/
LogInit: Installed Engine Build: 1
LogInit: Presizing for max 8388607 objects, including 0 objects not considered by GC, pre-allocating 0 bytes for permanent pool.
LogInit: Object subsystem initialized
[2018.02.15-09.49.02:475][  0]LogInit: Selected Device Profile: [Windows]
[2018.02.15-09.49.02:475][  0]LogInit: Applying CVar settings loaded from the selected device profile: [Windows]
[2018.02.15-09.49.02:491][  0]LogInit: Computer: AMTX210-29
[2018.02.15-09.49.02:491][  0]LogInit: User: mh18amt
[2018.02.15-09.49.02:491][  0]LogInit: CPU Page size=4096, Cores=4
[2018.02.15-09.49.02:491][  0]LogInit: High frequency timer resolution =3.328124 MHz
[2018.02.15-09.49.02:491][  0]LogMemory: Memory total: Physical=15.9GB (16GB approx)
[2018.02.15-09.49.02:491][  0]LogMemory: Platform Memory Stats for Windows
[2018.02.15-09.49.02:491][  0]LogMemory: Process Physical Memory: 279.47 MB used, 279.47 MB peak
[2018.02.15-09.49.02:491][  0]LogMemory: Process Virtual Memory: 282.14 MB used, 282.14 MB peak
[2018.02.15-09.49.02:491][  0]LogMemory: Physical Memory: 4553.88 MB used,  11684.95 MB free, 16238.83 MB total
[2018.02.15-09.49.02:491][  0]LogMemory: Virtual Memory: 677.04 MB used,  11684.95 MB free, 134217728.00 MB total
[2018.02.15-09.49.02:717][  0]LogInit: Using OS detected language (en-GB).
[2018.02.15-09.49.02:717][  0]LogInit: Using OS detected locale (en-GB).
[2018.02.15-09.49.02:767][  0]LogTextLocalizationManager: No specific localization for 'en-GB' exists, so the 'en' localization will be used.
[2018.02.15-09.49.03:264][  0]LogD3D11RHI: D3D11 adapters:
[2018.02.15-09.49.03:316][  0]LogD3D11RHI:    0. 'NVIDIA GeForce GTX 1070' (Feature Level 11_0)
[2018.02.15-09.49.03:316][  0]LogD3D11RHI:       8085/0/8119 MB DedicatedVideo/DedicatedSystem/SharedSystem, Outputs:1, VendorId:0x10de
[2018.02.15-09.49.03:324][  0]LogD3D11RHI:    1. 'Intel(R) HD Graphics 530' (Feature Level 11_0)
[2018.02.15-09.49.03:324][  0]LogD3D11RHI:       128/0/8119 MB DedicatedVideo/DedicatedSystem/SharedSystem, Outputs:0, VendorId:0x8086
[2018.02.15-09.49.03:325][  0]LogD3D11RHI:    2. 'Microsoft Basic Render Driver' (Feature Level 11_0)
[2018.02.15-09.49.03:325][  0]LogD3D11RHI:       0/0/8119 MB DedicatedVideo/DedicatedSystem/SharedSystem, Outputs:0, VendorId:0x1414
[2018.02.15-09.49.03:325][  0]LogD3D11RHI: Chosen D3D11 Adapter: 0
[2018.02.15-09.49.03:331][  0]LogD3D11RHI: Creating new Direct3DDevice
[2018.02.15-09.49.03:331][  0]LogD3D11RHI:     GPU DeviceId: 0x1b81 (for the marketing name, search the web for "GPU Device Id")
[2018.02.15-09.49.03:331][  0]LogWindows: EnumDisplayDevices:
[2018.02.15-09.49.03:331][  0]LogWindows:    0. 'NVIDIA GeForce GTX 1070' (P:1 D:1)
[2018.02.15-09.49.03:331][  0]LogWindows:    1. 'NVIDIA GeForce GTX 1070' (P:0 D:0)
[2018.02.15-09.49.03:331][  0]LogWindows:    2. 'NVIDIA GeForce GTX 1070' (P:0 D:0)
[2018.02.15-09.49.03:331][  0]LogWindows:    3. 'NVIDIA GeForce GTX 1070' (P:0 D:0)
[2018.02.15-09.49.03:332][  0]LogWindows:    4. 'Intel(R) HD Graphics 530' (P:0 D:0)
[2018.02.15-09.49.03:332][  0]LogWindows:    5. 'Intel(R) HD Graphics 530' (P:0 D:0)
[2018.02.15-09.49.03:332][  0]LogWindows:    6. 'Intel(R) HD Graphics 530' (P:0 D:0)
[2018.02.15-09.49.03:332][  0]LogWindows: DebugString: PrimaryIsNotTheChoosenAdapter PrimaryIsNotTheChoosenAdapter PrimaryIsNotTheChoosenAdapter FoundDriverCount:4 
[2018.02.15-09.49.03:332][  0]LogD3D11RHI:     Adapter Name: NVIDIA GeForce GTX 1070
[2018.02.15-09.49.03:332][  0]LogD3D11RHI:   Driver Version: 384.94 (internal:22.21.13.8494, unified:384.94)
[2018.02.15-09.49.03:332][  0]LogD3D11RHI:      Driver Date: 7-18-2017
[2018.02.15-09.49.03:332][  0]LogRHI: Texture pool is 1361 MB (70% of 1945 MB)
[2018.02.15-09.49.03:362][  0]LogD3D11RHI: Async texture creation enabled
[2018.02.15-09.49.03:378][  0]LogD3D11RHI: GPU Timing Frequency: 1000.000000 (Debug: 2 2)
[2018.02.15-09.49.03:379][  0]LogShaderCompilers: Guid format shader working directory is 29 characters bigger than the processId version (E:/GroupProject2018/Intermediate/Shaders/WorkingDirectory/4816/).
[2018.02.15-09.49.03:379][  0]LogShaderCompilers: Cleaned the shader compiler working directory 'C:/Users/mh18amt/AppData/Local/Temp/UnrealShaderWorkingDir/72D516ED4D9A29400C30EDB4131A05A7/'.
[2018.02.15-09.49.03:379][  0]LogShaderCompilers: Display: Using Local Shader Compiler.
[2018.02.15-09.49.04:823][  0]LogTemp: Display: Loaded TP WindowsClientTargetPlatform
[2018.02.15-09.49.04:861][  0]LogTemp: Display: Loaded TP WindowsNoEditorTargetPlatform
[2018.02.15-09.49.04:899][  0]LogTemp: Display: Loaded TP WindowsServerTargetPlatform
[2018.02.15-09.49.04:930][  0]LogTemp: Display: Loaded TP WindowsTargetPlatform
[2018.02.15-09.49.04:930][  0]LogTargetPlatformManager: Display: Building Assets For Windows
[2018.02.15-09.49.05:314][  0]LogDerivedDataCache: Display: Max Cache Size: 512 MB
[2018.02.15-09.49.05:406][  0]LogDerivedDataCache: Loaded boot cache 0.09s 93MB C:/Users/mh18amt/AppData/Local/UnrealEngine/4.17/DerivedDataCache/Boot.ddc.
[2018.02.15-09.49.05:406][  0]LogDerivedDataCache: Display: Loaded Boot cache: C:/Users/mh18amt/AppData/Local/UnrealEngine/4.17/DerivedDataCache/Boot.ddc
[2018.02.15-09.49.05:406][  0]LogDerivedDataCache: FDerivedDataBackendGraph:  Pak pak cache file E:/GroupProject2018/DerivedDataCache/DDC.ddp not found, will not use a pak cache.
[2018.02.15-09.49.05:406][  0]LogDerivedDataCache: Unable to find inner node Pak for hierarchical cache Hierarchy.
[2018.02.15-09.49.05:406][  0]LogDerivedDataCache: FDerivedDataBackendGraph:  CompressedPak pak cache file E:/GroupProject2018/DerivedDataCache/Compressed.ddp not found, will not use a pak cache.
[2018.02.15-09.49.05:406][  0]LogDerivedDataCache: Unable to find inner node CompressedPak for hierarchical cache Hierarchy.
[2018.02.15-09.49.05:423][  0]LogDerivedDataCache: Display: Pak cache opened for reading ../../../Engine/DerivedDataCache/Compressed.ddp.
[2018.02.15-09.49.05:435][  0]LogDerivedDataCache: Using Local data cache path C:/Users/mh18amt/AppData/Local/UnrealEngine/Common/DerivedDataCache: Writable
[2018.02.15-09.49.05:443][  0]LogMaterial: Verifying Global Shaders for PCD3D_SM5
[2018.02.15-09.49.05:444][  0]LogSlate: Using Freetype 2.6.0
[2018.02.15-09.49.05:452][  0]LogSlate: SlateFontCache - WITH_FREETYPE: 1, WITH_HARFBUZZ: 1
[2018.02.15-09.49.05:452][  0]LogSlate: SlateFontCache - WITH_FREETYPE: 1, WITH_HARFBUZZ: 1
[2018.02.15-09.49.05:772][  0]LogAssetRegistry: FAssetRegistry took 0.0036 seconds to start up
[2018.02.15-09.49.05:796][  0]LogPackageLocalizationCache: Processed 5 localized package path(s) for 2 prioritized culture(s) in 0.007128 seconds
[2018.02.15-09.49.05:863][  0]LogInit: Selected Device Profile: [Windows]
[2018.02.15-09.49.06:143][  0]LogSimplygon: Simplygon DLL not present - disabling.
[2018.02.15-09.49.06:172][  0]LogMeshReduction: Using SimplygonSwarm for distributed automatic mesh merging
[2018.02.15-09.49.06:172][  0]LogMeshReduction: Using QuadricMeshReduction for automatic static mesh reduction
[2018.02.15-09.49.06:172][  0]LogMeshReduction: No automatic skeletal mesh reduction module available
[2018.02.15-09.49.06:172][  0]LogMeshReduction: No automatic mesh merging module available
[2018.02.15-09.49.06:172][  0]LogMeshMerging: No automatic mesh merging module available
[2018.02.15-09.49.06:198][  0]LogContentStreaming: Texture pool size is 1000.00 MB
[2018.02.15-09.49.06:616][  0]LogNetVersion: GroupProject , NetCL: 3573198, EngineNetVer: 2, GameNetVer: 0 (Checksum: 2109825019)
[2018.02.15-09.49.06:767][  0]LogInit: WinSock: version 1.1 (2.2), MaxSocks=32767, MaxUdp=65467
[2018.02.15-09.49.07:748][  0]LogMoviePlayer: Initializing movie player
[2018.02.15-09.49.08:031][  0]LogCollectionManager: Loaded 0 collections in 0.001103 seconds
[2018.02.15-09.49.08:079][  0]LogFileCache: Scanning file cache for directory 'E:/GroupProject2018/Saved/Collections/' took 0.01s
[2018.02.15-09.49.08:080][  0]LogFileCache: Scanning file cache for directory 'E:/GroupProject2018/Content/Developers/mh18amt/Collections/' took 0.01s
[2018.02.15-09.49.08:080][  0]LogFileCache: Scanning file cache for directory 'E:/GroupProject2018/Content/Collections/' took 0.01s
[2018.02.15-09.49.08:080][  0]LogCollectionManager: Rebuilt the object cache for 0 collections in 0.000001 seconds (found 0 objects)
[2018.02.15-09.49.08:080][  0]LogCollectionManager: Fixed up redirectors for 0 collections in 0.000188 seconds (updated 0 objects)
[2018.02.15-09.49.08:248][  0]LogSubstanceCoreModule: Substance [CPU] Engine Loaded, Max Texture Size = 2048
[2018.02.15-09.49.08:271][  0]LogTcpMessaging: Initializing TcpMessaging bridge
[2018.02.15-09.49.08:302][  0]LogUdpMessaging: Initializing bridge on interface 0.0.0.0:0 to multicast group 230.0.0.1:6666.
[2018.02.15-09.49.08:674][  0]SourceControl: Source control is disabled
[2018.02.15-09.49.08:674][  0]SourceControl: Source control is disabled
[2018.02.15-09.49.08:707][  0]SourceControl: Source control is disabled
[2018.02.15-09.49.08:889][  0]LogAndroidPermission: UAndroidPermissionCallbackProxy::GetInstance
[2018.02.15-09.49.09:052][  0]LogOcInput: OculusInput pre-init called
[2018.02.15-09.49.09:122][  0]LogUObjectArray: 38855 objects as part of root set at end of initial load.
[2018.02.15-09.49.09:122][  0]LogUObjectAllocator: 8495488 out of 0 bytes used by permanent object pool.
[2018.02.15-09.49.09:122][  0]LogUObjectArray: CloseDisregardForGC: 0/0 objects in disregard for GC pool
[2018.02.15-09.49.09:229][  0]LogEngine: Initializing Engine...
[2018.02.15-09.49.09:231][  0]LogHMD: Failed to initialize OpenVR with code 110
[2018.02.15-09.49.09:414][  0]LogStats: UGameplayTagsManager::ConstructGameplayTagTree: Construct from data asset -  0.000 s
[2018.02.15-09.49.09:414][  0]LogStats: UGameplayTagsManager::ConstructGameplayTagTree: GameplayTagTreeChangedEvent.Broadcast -  0.000 s
[2018.02.15-09.49.09:425][  0]LogInit: XAudio2 using 'Speakers (Realtek High Definition Audio)' : 2 channels at 48 kHz using 32 bits per sample (channel mask 0x3)
[2018.02.15-09.49.09:441][  0]LogInit: FAudioDevice initialized.
[2018.02.15-09.49.09:465][  0]LogInit: Texture streaming: Enabled
[2018.02.15-09.49.09:482][  0]LogMaterial: Uniform references updated for custom material expression Custom.
[2018.02.15-09.49.09:685][  0]LogSlateStyle: Warning: Unable to find Slate Widget Style 'NormalText'. Using FTextBlockStyle defaults instead.
[2018.02.15-09.49.09:685][  0]LogSlateStyle: Warning: Unable to find Slate Widget Style 'SpinBox'. Using FSpinBoxStyle defaults instead.
[2018.02.15-09.49.09:845][  0]LogInit: Display: Game Engine Initialized.
[2018.02.15-09.49.09:845][  0]LogGameplayTags: Display: UGameplayTagsManager::DoneAddingNativeTags. DelegateIsBound: 0
[2018.02.15-09.49.09:953][  0]LogInit: Display: Starting Game.
[2018.02.15-09.49.09:953][  0]LogNet: Browse: /Temp/Autosaves/Game/MyContent/Levels/UEDPCMainMenu?Name=Player
[2018.02.15-09.49.09:954][  0]LogLoad: LoadMap: /Temp/Autosaves/Game/MyContent/Levels/UEDPCMainMenu?Name=Player
[2018.02.15-09.49.09:971][  0]LogMemory: Platform Memory Stats for Windows
[2018.02.15-09.49.09:971][  0]LogMemory: Process Physical Memory: 821.35 MB used, 951.42 MB peak
[2018.02.15-09.49.09:971][  0]LogMemory: Process Virtual Memory: 945.96 MB used, 1033.47 MB peak
[2018.02.15-09.49.09:971][  0]LogMemory: Physical Memory: 5023.27 MB used,  11215.56 MB free, 16238.83 MB total
[2018.02.15-09.49.09:971][  0]LogMemory: Virtual Memory: 1646.57 MB used,  11215.56 MB free, 134217728.00 MB total
[2018.02.15-09.49.09:971][  0]LogMemory: 
[2018.02.15-09.49.09:971][  0]Allocator Stats for TBB: (not implemented)
[2018.02.15-09.49.10:097][  0]LogAIModule: Creating AISystem for world MainMenu
[2018.02.15-09.49.10:097][  0]LogLoad: Game class is 'MainMenuGM_C'
[2018.02.15-09.49.10:099][  0]LogWorld: Bringing World /Temp/Autosaves/Game/MyContent/Levels/UEDPCMainMenu.MainMenu up for play (max tick rate 0) at 2018.02.15-09.49.10
[2018.02.15-09.49.10:099][  0]LogWorld: Bringing up level for play took: 0.000602
[2018.02.15-09.49.10:110][  0]LogLoad: Took 0.156045 seconds to LoadMap(/Temp/Autosaves/Game/MyContent/Levels/UEDPCMainMenu)
[2018.02.15-09.49.10:289][  0]LogRenderer: Reallocating scene render targets to support 1920x1080 Format 10 NumSamples 1 (Frame:1).
[2018.02.15-09.49.10:289][  0]LogLoad: (Engine Initialization) Total time: 9.75 seconds
[2018.02.15-09.49.10:289][  0]LogLoad: (Engine Initialization) Total Blueprint compile time: 0.00 seconds
[2018.02.15-09.49.10:289][  0]LogExternalProfiler: Found external profiler: VSPerf
[2018.02.15-09.49.10:289][  0]LogExternalProfiler: Using external profiler: VSPerf
[2018.02.15-09.49.15:015][292]r.SetRes = "1280x720f"
[2018.02.15-09.49.15:187][292]LogRenderer: Reallocating scene render targets to support 1280x720 Format 10 NumSamples 1 (Frame:294).
[2018.02.15-09.49.45:674][166]LogConsoleResponse: Display: Current Scalability Settings:
[2018.02.15-09.49.45:674][166]LogConsoleResponse: Display:   ResolutionQuality (0..3): (custom)
[2018.02.15-09.49.45:674][166]LogConsoleResponse: Display:   ViewDistanceQuality (0..3): 2
[2018.02.15-09.49.45:674][166]LogConsoleResponse: Display:   AntiAliasingQuality (0..3): 2
[2018.02.15-09.49.45:674][166]LogConsoleResponse: Display:   ShadowQuality (0..3): 2
[2018.02.15-09.49.45:674][166]LogConsoleResponse: Display:   PostProcessQuality (0..3): 2
[2018.02.15-09.49.45:674][166]LogConsoleResponse: Display:   TextureQuality (0..3): 2
[2018.02.15-09.49.45:674][166]LogConsoleResponse: Display:   EffectsQuality (0..3): 2
[2018.02.15-09.49.45:674][166]LogConsoleResponse: Display:   FoliageQuality (0..3): 2
[2018.02.15-09.49.45:675][167]LogRenderer: Reallocating scene render targets to support 1116x628 Format 9 NumSamples 1 (Frame:2169).
[2018.02.15-09.49.45:707][169]LogRenderer: Reallocating scene render targets to support 1116x628 Format 9 NumSamples 1 (Frame:2170).
[2018.02.15-09.49.45:739][170]LogContentStreaming: Texture pool size now 800 MB
[2018.02.15-09.49.46:012][187]LogConsoleResponse: Display: Current Scalability Settings:
[2018.02.15-09.49.46:012][187]LogConsoleResponse: Display:   ResolutionQuality (0..3): (custom)
[2018.02.15-09.49.46:012][187]LogConsoleResponse: Display:   ViewDistanceQuality (0..3): 3
[2018.02.15-09.49.46:012][187]LogConsoleResponse: Display:   AntiAliasingQuality (0..3): 3
[2018.02.15-09.49.46:013][187]LogConsoleResponse: Display:   ShadowQuality (0..3): 3
[2018.02.15-09.49.46:013][187]LogConsoleResponse: Display:   PostProcessQuality (0..3): 3
[2018.02.15-09.49.46:013][187]LogConsoleResponse: Display:   TextureQuality (0..3): 3
[2018.02.15-09.49.46:013][187]LogConsoleResponse: Display:   EffectsQuality (0..3): 3
[2018.02.15-09.49.46:013][187]LogConsoleResponse: Display:   FoliageQuality (0..3): 3
[2018.02.15-09.49.46:014][188]LogRenderer: Reallocating scene render targets to support 1280x720 Format 10 NumSamples 1 (Frame:2190).
[2018.02.15-09.49.46:053][189]LogRenderer: Reallocating scene render targets to support 1280x720 Format 10 NumSamples 1 (Frame:2191).
[2018.02.15-09.49.46:101][191]LogContentStreaming: Texture pool size now 1000 MB
[2018.02.15-09.49.46:794][234]LogConsoleResponse: Display: Current Scalability Settings:
[2018.02.15-09.49.46:794][234]LogConsoleResponse: Display:   ResolutionQuality (0..3): (custom)
[2018.02.15-09.49.46:794][234]LogConsoleResponse: Display:   ViewDistanceQuality (0..3): 1
[2018.02.15-09.49.46:794][234]LogConsoleResponse: Display:   AntiAliasingQuality (0..3): 1
[2018.02.15-09.49.46:794][234]LogConsoleResponse: Display:   ShadowQuality (0..3): 1
[2018.02.15-09.49.46:794][234]LogConsoleResponse: Display:   PostProcessQuality (0..3): 1
[2018.02.15-09.49.46:794][234]LogConsoleResponse: Display:   TextureQuality (0..3): 1
[2018.02.15-09.49.46:794][234]LogConsoleResponse: Display:   EffectsQuality (0..3): 1
[2018.02.15-09.49.46:794][234]LogConsoleResponse: Display:   FoliageQuality (0..3): 1
[2018.02.15-09.49.46:796][235]LogRenderer: Reallocating scene render targets to support 912x512 Format 9 NumSamples 1 (Frame:2237).
[2018.02.15-09.49.47:057][235]LogConsoleResponse: Display: Current Scalability Settings:
[2018.02.15-09.49.47:057][235]LogConsoleResponse: Display:   ResolutionQuality (0..3): (custom)
[2018.02.15-09.49.47:057][235]LogConsoleResponse: Display:   ViewDistanceQuality (0..3): 2
[2018.02.15-09.49.47:057][235]LogConsoleResponse: Display:   AntiAliasingQuality (0..3): 2
[2018.02.15-09.49.47:057][235]LogConsoleResponse: Display:   ShadowQuality (0..3): 2
[2018.02.15-09.49.47:057][235]LogConsoleResponse: Display:   PostProcessQuality (0..3): 2
[2018.02.15-09.49.47:057][235]LogConsoleResponse: Display:   TextureQuality (0..3): 2
[2018.02.15-09.49.47:057][235]LogConsoleResponse: Display:   EffectsQuality (0..3): 2
[2018.02.15-09.49.47:057][235]LogConsoleResponse: Display:   FoliageQuality (0..3): 2
[2018.02.15-09.49.47:060][236]LogRenderer: Reallocating scene render targets to support 1116x628 Format 9 NumSamples 1 (Frame:2238).
[2018.02.15-09.49.47:395][240]LogConsoleResponse: Display: Current Scalability Settings:
[2018.02.15-09.49.47:395][240]LogConsoleResponse: Display:   ResolutionQuality (0..3): (custom)
[2018.02.15-09.49.47:395][240]LogConsoleResponse: Display:   ViewDistanceQuality (0..3): 3
[2018.02.15-09.49.47:395][240]LogConsoleResponse: Display:   AntiAliasingQuality (0..3): 3
[2018.02.15-09.49.47:395][240]LogConsoleResponse: Display:   ShadowQuality (0..3): 3
[2018.02.15-09.49.47:395][240]LogConsoleResponse: Display:   PostProcessQuality (0..3): 3
[2018.02.15-09.49.47:395][240]LogConsoleResponse: Display:   TextureQuality (0..3): 3
[2018.02.15-09.49.47:396][240]LogConsoleResponse: Display:   EffectsQuality (0..3): 3
[2018.02.15-09.49.47:396][240]LogConsoleResponse: Display:   FoliageQuality (0..3): 3
[2018.02.15-09.49.47:397][241]LogRenderer: Reallocating scene render targets to support 1280x720 Format 10 NumSamples 1 (Frame:2243).
[2018.02.15-09.49.47:422][242]LogRenderer: Reallocating scene render targets to support 1280x720 Format 10 NumSamples 1 (Frame:2244).
[2018.02.15-09.50.01:470][112]r.SetRes = "1920x1080f"
[2018.02.15-09.50.01:497][112]LogRenderer: Reallocating scene render targets to support 1920x1080 Format 10 NumSamples 1 (Frame:3115).
[2018.02.15-09.50.04:293][264]r.SetRes = "640x480f"
